<?xml version="1.0" encoding="utf-8"?><testsuites name="pytest tests"><testsuite name="pytest" errors="0" failures="0" skipped="0" tests="11" time="3.916" timestamp="2026-09-18T20:49:58.058715+00:00" hostname="agent-env-47768e29-3239-4fec-8d20-1f2ba8cb117d"><testcase classname="tests.test_titangym_api" name="test_admin_auth_and_dashboard" time="0.331" /><testcase classname="tests.test_titangym_api" name="test_health_reports_provider_states" time="0.002" /><testcase classname="tests.test_titangym_api" name="test_member_otp_flow_and_portal_endpoint" time="0.093" /><testcase classname="tests.test_titangym_api" name="test_member_portal_requires_auth" time="0.002" /><testcase classname="tests.test_titangym_api" name="test_member_and_plan_creation_persistence_with_payments_and_audit" time="0.456" /><testcase classname="tests.test_titangym_api" name="test_notification_dedup_key_is_idempotent_per_day" time="0.320" /><testcase classname="tests.test_titangym_api" name="test_renewal_extends_before_expiry_does_not_shrink" time="0.552" /><testcase classname="tests.test_titangym_api" name="test_payments_receipt_and_totals" time="0.446" /><testcase classname="tests.test_titangym_api" name="test_settings_update_persists" time="0.502" /><testcase classname="tests.test_titangym_api" name="test_reports_summary_returns_plan_distribution" time="0.362" /><testcase classname="tests.test_titangym_api" name="test_lifecycle_endpoint_is_idempotent_safe" time="0.318" /></testsuite></testsuites>