<?xml version="1.0" encoding="utf-8"?><testsuites name="pytest tests"><testsuite name="pytest" errors="0" failures="0" skipped="0" tests="4" time="2.631" timestamp="2026-09-18T19:45:13.506178+00:00" hostname="agent-env-47768e29-3239-4fec-8d20-1f2ba8cb117d"><testcase classname="tests.test_titangym_api" name="test_admin_auth_and_dashboard" time="0.703" /><testcase classname="tests.test_titangym_api" name="test_member_otp_flow" time="0.242" /><testcase classname="tests.test_titangym_api" name="test_member_and_plan_creation_persistence" time="0.681" /><testcase classname="tests.test_titangym_api" name="test_lifecycle_endpoint_is_idempotent_safe" time="0.544" /></testsuite></testsuites>